<?xml version="1.0" encoding="UTF-8"?>
<!-- Generated by org.testng.reporters.JUnitReportReporter -->
<testsuite hostname="shubhangi-HP-ProBook-4440s" name="SeleniumAss.DataProviderAnnotation" tests="4" failures="0" timestamp="23 Jul 2018 17:21:51 GMT" time="2.012" errors="0">
  <testcase name="TestFireFox" time="0.234" classname="SeleniumAss.DataProviderAnnotation"/>
  <testcase name="TestFireFox" time="1.018" classname="SeleniumAss.DataProviderAnnotation"/>
  <testcase name="TestFireFox" time="0.445" classname="SeleniumAss.DataProviderAnnotation"/>
  <testcase name="TestFireFox" time="0.315" classname="SeleniumAss.DataProviderAnnotation"/>
</testsuite> <!-- SeleniumAss.DataProviderAnnotation -->
